c:\users\think\documents\mes études en france\automne 2019\ag44\tp\projectfiles\debug\vc142.pdb
c:\users\think\documents\mes études en france\automne 2019\ag44\tp\projectfiles\debug\vertex.obj
c:\users\think\documents\mes études en france\automne 2019\ag44\tp\projectfiles\debug\main.obj
c:\users\think\documents\mes études en france\automne 2019\ag44\tp\projectfiles\debug\heap.obj
c:\users\think\documents\mes études en france\automne 2019\ag44\tp\projectfiles\debug\graph.obj
c:\users\think\documents\mes études en france\automne 2019\ag44\tp\projectfiles\debug\edge.obj
c:\users\think\documents\mes études en france\automne 2019\ag44\tp\projectfiles\debug\depth_first_search.obj
c:\users\think\documents\mes études en france\automne 2019\ag44\tp\projectfiles\debug\projectag44.exe
c:\users\think\documents\mes études en france\automne 2019\ag44\tp\projectfiles\debug\projectag44.ilk
c:\users\think\documents\mes études en france\automne 2019\ag44\tp\projectfiles\debug\projectag44.pdb
c:\users\think\documents\mes études en france\automne 2019\ag44\tp\projectfiles\debug\nativecodeanalysis.read.1.tlog
c:\users\think\documents\mes études en france\automne 2019\ag44\tp\projectfiles\debug\depth_first_search.nativecodeanalysis.xml
c:\users\think\documents\mes études en france\automne 2019\ag44\tp\projectfiles\debug\edge.nativecodeanalysis.xml
c:\users\think\documents\mes études en france\automne 2019\ag44\tp\projectfiles\debug\graph.nativecodeanalysis.xml
c:\users\think\documents\mes études en france\automne 2019\ag44\tp\projectfiles\debug\heap.nativecodeanalysis.xml
c:\users\think\documents\mes études en france\automne 2019\ag44\tp\projectfiles\debug\main.nativecodeanalysis.xml
c:\users\think\documents\mes études en france\automne 2019\ag44\tp\projectfiles\debug\vc.nativecodeanalysis.all.xml
c:\users\think\documents\mes études en france\automne 2019\ag44\tp\projectfiles\debug\vertex.nativecodeanalysis.xml
c:\users\think\documents\mes études en france\automne 2019\ag44\tp\projectfiles\debug\projectag44.exe.lastcodeanalysissucceeded
c:\users\think\documents\mes études en france\automne 2019\ag44\tp\projectfiles\debug\projectag44.tlog\cl.command.1.tlog
c:\users\think\documents\mes études en france\automne 2019\ag44\tp\projectfiles\debug\projectag44.tlog\cl.read.1.tlog
c:\users\think\documents\mes études en france\automne 2019\ag44\tp\projectfiles\debug\projectag44.tlog\cl.write.1.tlog
c:\users\think\documents\mes études en france\automne 2019\ag44\tp\projectfiles\debug\projectag44.tlog\link.command.1.tlog
c:\users\think\documents\mes études en france\automne 2019\ag44\tp\projectfiles\debug\projectag44.tlog\link.read.1.tlog
c:\users\think\documents\mes études en france\automne 2019\ag44\tp\projectfiles\debug\projectag44.tlog\link.write.1.tlog
